{"D:\\Riyaz\\Microverse-Projects\\JS-Group-Capstone-Project\\src\\_mocks_\\CommentCounterTest.js": {"path":"D:\\Riyaz\\Microverse-Projects\\JS-Group-Capstone-Project\\src\\_mocks_\\CommentCounterTest.js","statementMap":{"0":{"start":{"line":1,"column":21},"end":{"line":13,"column":1}},"1":{"start":{"line":2,"column":2},"end":{"line":2,"column":59}},"2":{"start":{"line":3,"column":21},"end":{"line":3,"column":59}},"3":{"start":{"line":5,"column":22},"end":{"line":5,"column":50}},"4":{"start":{"line":6,"column":21},"end":{"line":6,"column":77}},"5":{"start":{"line":7,"column":2},"end":{"line":11,"column":5}},"6":{"start":{"line":8,"column":4},"end":{"line":8,"column":66}},"7":{"start":{"line":9,"column":4},"end":{"line":9,"column":40}},"8":{"start":{"line":10,"column":4},"end":{"line":10,"column":33}},"9":{"start":{"line":12,"column":2},"end":{"line":12,"column":20}},"10":{"start":{"line":15,"column":16},"end":{"line":34,"column":1}},"11":{"start":{"line":16,"column":22},"end":{"line":25,"column":3}},"12":{"start":{"line":26,"column":18},"end":{"line":30,"column":3}},"13":{"start":{"line":31,"column":2},"end":{"line":31,"column":28}},"14":{"start":{"line":32,"column":2},"end":{"line":32,"column":28}},"15":{"start":{"line":33,"column":2},"end":{"line":33,"column":21}}},"fnMap":{"0":{"name":"(anonymous_0)","decl":{"start":{"line":1,"column":21},"end":{"line":1,"column":22}},"loc":{"start":{"line":1,"column":38},"end":{"line":13,"column":1}},"line":1},"1":{"name":"(anonymous_1)","decl":{"start":{"line":7,"column":22},"end":{"line":7,"column":23}},"loc":{"start":{"line":7,"column":35},"end":{"line":11,"column":3}},"line":7},"2":{"name":"(anonymous_2)","decl":{"start":{"line":15,"column":16},"end":{"line":15,"column":17}},"loc":{"start":{"line":15,"column":43},"end":{"line":34,"column":1}},"line":15}},"branchMap":{},"s":{"0":1,"1":2,"2":2,"3":2,"4":2,"5":2,"6":5,"7":5,"8":5,"9":2,"10":1,"11":1,"12":1,"13":1,"14":1,"15":1},"f":{"0":2,"1":5,"2":1},"b":{},"_coverageSchema":"1a1c01bbd47fc00a2c39e90264f33305004495a9","hash":"3d8a7992e7bfed8c2cd1269797caa2d3b5b9d2c7"}
,"D:\\Riyaz\\Microverse-Projects\\JS-Group-Capstone-Project\\src\\_mocks_\\like.js": {"path":"D:\\Riyaz\\Microverse-Projects\\JS-Group-Capstone-Project\\src\\_mocks_\\like.js","statementMap":{"0":{"start":{"line":1,"column":21},"end":{"line":13,"column":3}},"1":{"start":{"line":2,"column":4},"end":{"line":2,"column":56}},"2":{"start":{"line":3,"column":20},"end":{"line":3,"column":51}},"3":{"start":{"line":5,"column":21},"end":{"line":5,"column":49}},"4":{"start":{"line":6,"column":22},"end":{"line":6,"column":71}},"5":{"start":{"line":7,"column":4},"end":{"line":11,"column":7}},"6":{"start":{"line":8,"column":6},"end":{"line":8,"column":43}},"7":{"start":{"line":9,"column":6},"end":{"line":9,"column":36}},"8":{"start":{"line":10,"column":6},"end":{"line":10,"column":31}},"9":{"start":{"line":12,"column":4},"end":{"line":12,"column":21}},"10":{"start":{"line":15,"column":19},"end":{"line":31,"column":3}},"11":{"start":{"line":16,"column":26},"end":{"line":23,"column":5}},"12":{"start":{"line":24,"column":17},"end":{"line":27,"column":5}},"13":{"start":{"line":28,"column":4},"end":{"line":28,"column":29}},"14":{"start":{"line":29,"column":4},"end":{"line":29,"column":32}},"15":{"start":{"line":30,"column":4},"end":{"line":30,"column":25}}},"fnMap":{"0":{"name":"(anonymous_0)","decl":{"start":{"line":1,"column":21},"end":{"line":1,"column":22}},"loc":{"start":{"line":1,"column":40},"end":{"line":13,"column":3}},"line":1},"1":{"name":"(anonymous_1)","decl":{"start":{"line":7,"column":26},"end":{"line":7,"column":27}},"loc":{"start":{"line":7,"column":36},"end":{"line":11,"column":5}},"line":7},"2":{"name":"(anonymous_2)","decl":{"start":{"line":15,"column":19},"end":{"line":15,"column":20}},"loc":{"start":{"line":15,"column":33},"end":{"line":31,"column":3}},"line":15}},"branchMap":{},"s":{"0":1,"1":2,"2":2,"3":2,"4":2,"5":2,"6":7,"7":7,"8":7,"9":2,"10":1,"11":1,"12":1,"13":1,"14":1,"15":1},"f":{"0":2,"1":7,"2":1},"b":{},"_coverageSchema":"1a1c01bbd47fc00a2c39e90264f33305004495a9","hash":"2d800b595a79a3474bdd9118e2dabfceb9c33321"}
}
